<?xml version="1.0" encoding="UTF-8"?>
<!-- Generated by org.testng.reporters.JUnitXMLReporter -->
<testsuite ignored="0" hostname="DESKTOP-H0QBEHU" failures="0" tests="2" name="Default test" time="24.768" errors="0" timestamp="2024-04-16T15:31:29 CDT">
  <testcase classname="Day23_Collection_Framwork.Looping_Dropdown" name="loopingDropDownEaseMyTrip" time="24.704"/>
  <testcase classname="Day23_Collection_Framwork.Looping_Dropdown" name="spiceJet" time="0.001"/>
</testsuite> <!-- Default test -->
