<?xml version="1.0" encoding="UTF-8"?>
<!-- Generated by org.testng.reporters.JUnitXMLReporter -->
<testsuite ignored="0" hostname="DESKTOP-H0QBEHU" failures="0" tests="3" name="Default test" time="13.919" errors="0" timestamp="2024-04-04T16:41:35 CDT">
  <testcase classname="Day18WaitBrowserOpetion.Mouse_Actions" name="mouseActionsOperations" time="7.148"/>
  <testcase classname="Day18WaitBrowserOpetion.Mouse_Actions" name="mouseActionsOperationsDragAndDrop" time="2.765"/>
  <testcase classname="Day18WaitBrowserOpetion.Mouse_Actions" name="mouseActionsOperationsDraggable" time="3.928"/>
</testsuite> <!-- Default test -->
