<?xml version="1.0" encoding="UTF-8"?>
<!-- Generated by org.testng.reporters.JUnitXMLReporter -->
<testsuite ignored="0" hostname="DESKTOP-H0QBEHU" failures="0" tests="3" name="Test" time="0.067" errors="0" timestamp="2024-04-11T09:36:58 CDT">
  <testcase classname="Day20.RegeressionTestCases" name="test7" time="0.009"/>
  <testcase classname="Day20.RegeressionTestCases" name="test8" time="0.001"/>
  <testcase classname="Day20.RegeressionTestCases" name="test9" time="0.001"/>
</testsuite> <!-- Test -->
