<?xml version="1.0" encoding="UTF-8"?>
<testng-results ignored="0" total="2" passed="2" failed="0" skipped="0">
  <reporter-output>
  </reporter-output>
  <suite started-at="2024-04-16T15:31:04 CDT" name="Default suite" finished-at="2024-04-16T15:31:29 CDT" duration-ms="24768">
    <groups>
    </groups>
    <test started-at="2024-04-16T15:31:04 CDT" name="Default test" finished-at="2024-04-16T15:31:29 CDT" duration-ms="24768">
      <class name="Day23_Collection_Framwork.Looping_Dropdown">
        <test-method signature="loopingDropDownEaseMyTrip()[pri:0, instance:Day23_Collection_Framwork.Looping_Dropdown@799f10e1]" started-at="2024-04-16T15:31:04 CDT" name="loopingDropDownEaseMyTrip" finished-at="2024-04-16T15:31:29 CDT" duration-ms="24704" status="PASS">
          <reporter-output>
          </reporter-output>
        </test-method> <!-- loopingDropDownEaseMyTrip -->
        <test-method signature="spiceJet()[pri:0, instance:Day23_Collection_Framwork.Looping_Dropdown@799f10e1]" started-at="2024-04-16T15:31:29 CDT" name="spiceJet" finished-at="2024-04-16T15:31:29 CDT" duration-ms="1" status="PASS">
          <reporter-output>
          </reporter-output>
        </test-method> <!-- spiceJet -->
      </class> <!-- Day23_Collection_Framwork.Looping_Dropdown -->
    </test> <!-- Default test -->
  </suite> <!-- Default suite -->
</testng-results>
